[2/27/2015 10:12 AM] Bolt Action Rifle (BulletWeaponDataBlock)
[2/27/2015 10:12 AM] Bolt Action Rifle Blueprint (BlueprintDataBlock)
[2/27/2015 10:12 AM] 556 Ammo (AmmoItemDataBlock)
[2/27/2015 10:12 AM] 9mm Ammo (AmmoItemDataBlock)
[2/27/2015 10:12 AM] 556 Ammo Blueprint (BlueprintDataBlock)
[2/27/2015 10:12 AM] 9mm Ammo Blueprint (BlueprintDataBlock)
[2/27/2015 10:12 AM] Handmade Shell Blueprint (BlueprintDataBlock)
[2/27/2015 10:12 AM] Shotgun Shells Blueprint (BlueprintDataBlock)
[2/27/2015 10:12 AM] 556 Casing Blueprint (BlueprintDataBlock)
[2/27/2015 10:12 AM] 9mm Casing Blueprint (BlueprintDataBlock)
[2/27/2015 10:12 AM] Empty Shotgun Shell Blueprint (BlueprintDataBlock)
[2/27/2015 10:12 AM] Primed 556 Casing Blueprint (BlueprintDataBlock)
[2/27/2015 10:12 AM] Primed 9mm Casing Blueprint (BlueprintDataBlock)
[2/27/2015 10:12 AM] Primed Shotgun Shell Blueprint (BlueprintDataBlock)
[2/27/2015 10:12 AM] Empty 556 Casing (ItemDataBlock)
[2/27/2015 10:12 AM] Empty 9mm Casing (ItemDataBlock)
[2/27/2015 10:12 AM] Empty Shotgun Shell (ItemDataBlock)
[2/27/2015 10:12 AM] Primed 556 Casing (ItemDataBlock)
[2/27/2015 10:12 AM] Primed 9mm Casing (ItemDataBlock)
[2/27/2015 10:12 AM] Primed Shotgun Shell (ItemDataBlock)
[2/27/2015 10:12 AM] Handmade Shell (AmmoItemDataBlock)
[2/27/2015 10:12 AM] Shotgun Shells (AmmoItemDataBlock)
[2/27/2015 10:12 AM] Cloth Boots BP (BlueprintDataBlock)
[2/27/2015 10:12 AM] Cloth Helmet BP (BlueprintDataBlock)
[2/27/2015 10:12 AM] Cloth Pants BP (BlueprintDataBlock)
[2/27/2015 10:12 AM] Cloth Vest BP (BlueprintDataBlock)
[2/27/2015 10:12 AM] Kevlar Boots BP (BlueprintDataBlock)
[2/27/2015 10:12 AM] Kevlar Helmet BP (BlueprintDataBlock)
[2/27/2015 10:12 AM] Kevlar Pants BP (BlueprintDataBlock)
[2/27/2015 10:12 AM] Kevlar Vest BP (BlueprintDataBlock)
[2/27/2015 10:12 AM] Leather Boots BP (BlueprintDataBlock)
[2/27/2015 10:12 AM] Leather Helmet BP (BlueprintDataBlock)
[2/27/2015 10:12 AM] Leather Pants BP (BlueprintDataBlock)
[2/27/2015 10:12 AM] Leather Vest BP (BlueprintDataBlock)
[2/27/2015 10:12 AM] Rad Suit Boots BP (BlueprintDataBlock)
[2/27/2015 10:12 AM] Rad Suit Helmet BP (BlueprintDataBlock)
[2/27/2015 10:12 AM] Rad Suit Pants BP (BlueprintDataBlock)
[2/27/2015 10:12 AM] Rad Suit Vest BP (BlueprintDataBlock)
[2/27/2015 10:12 AM] Cloth Boots (ArmorDataBlock)
[2/27/2015 10:12 AM] Cloth Helmet (ArmorDataBlock)
[2/27/2015 10:12 AM] Cloth Pants (ArmorDataBlock)
[2/27/2015 10:12 AM] Cloth Vest (ArmorDataBlock)
[2/27/2015 10:12 AM] Invisible Boots (ArmorDataBlock)
[2/27/2015 10:12 AM] Invisible Helmet (ArmorDataBlock)
[2/27/2015 10:12 AM] Invisible Pants (ArmorDataBlock)
[2/27/2015 10:12 AM] Invisible Vest (ArmorDataBlock)
[2/27/2015 10:12 AM] Kevlar Boots (ArmorDataBlock)
[2/27/2015 10:12 AM] Kevlar Helmet (ArmorDataBlock)
[2/27/2015 10:12 AM] Kevlar Pants (ArmorDataBlock)
[2/27/2015 10:12 AM] Kevlar Vest (ArmorDataBlock)
[2/27/2015 10:12 AM] Leather Boots (ArmorDataBlock)
[2/27/2015 10:12 AM] Leather Helmet (ArmorDataBlock)
[2/27/2015 10:12 AM] Leather Pants (ArmorDataBlock)
[2/27/2015 10:12 AM] Leather Vest (ArmorDataBlock)
[2/27/2015 10:12 AM] Armor Part 1 (ItemDataBlock)
[2/27/2015 10:12 AM] Armor Part 2 (ItemDataBlock)
[2/27/2015 10:12 AM] Armor Part 3 (ItemDataBlock)
[2/27/2015 10:12 AM] Armor Part 4 (ItemDataBlock)
[2/27/2015 10:12 AM] Armor Part 5 (ItemDataBlock)
[2/27/2015 10:12 AM] Armor Part 6 (ItemDataBlock)
[2/27/2015 10:12 AM] Armor Part 7 (ItemDataBlock)
[2/27/2015 10:12 AM] Armor Part 1 BP (BlueprintDataBlock)
[2/27/2015 10:12 AM] Armor Part 2 BP (BlueprintDataBlock)
[2/27/2015 10:12 AM] Armor Part 3 BP (BlueprintDataBlock)
[2/27/2015 10:12 AM] Armor Part 4 BP (BlueprintDataBlock)
[2/27/2015 10:12 AM] Armor Part 5 BP (BlueprintDataBlock)
[2/27/2015 10:12 AM] Armor Part 6 BP (BlueprintDataBlock)
[2/27/2015 10:12 AM] Armor Part 7 BP (BlueprintDataBlock)
[2/27/2015 10:12 AM] Rad Suit Boots (ArmorDataBlock)
[2/27/2015 10:12 AM] Rad Suit Helmet (ArmorDataBlock)
[2/27/2015 10:12 AM] Rad Suit Pants (ArmorDataBlock)
[2/27/2015 10:12 AM] Rad Suit Vest (ArmorDataBlock)
[2/27/2015 10:12 AM] Arrow (AmmoItemDataBlock)
[2/27/2015 10:12 AM] Arrow Blueprint (BlueprintDataBlock)
[2/27/2015 10:12 AM] Anti-Radiation Pills (ConsumableDataBlock)
[2/27/2015 10:12 AM] Can of Beans (ConsumableDataBlock)
[2/27/2015 10:12 AM] Can of Tuna (ConsumableDataBlock)
[2/27/2015 10:12 AM] Chocolate Bar (ConsumableDataBlock)
[2/27/2015 10:12 AM] Cooked Chicken Breast (ConsumableDataBlock)
[2/27/2015 10:12 AM] Granola Bar (ConsumableDataBlock)
[2/27/2015 10:12 AM] Raw Chicken Breast (ConsumableDataBlock)
[2/27/2015 10:12 AM] Small Rations (ConsumableDataBlock)
[2/27/2015 10:12 AM] Small Water Bottle (ConsumableDataBlock)
[2/27/2015 10:12 AM] Bed (DeployableItemDataBlock)
[2/27/2015 10:12 AM] Bed Blueprint (BlueprintDataBlock)
[2/27/2015 10:12 AM] Camp Fire Blueprint (BlueprintDataBlock)
[2/27/2015 10:12 AM] Explosive Charge Blueprint (BlueprintDataBlock)
[2/27/2015 10:12 AM] Furnace Blueprint (BlueprintDataBlock)
[2/27/2015 10:12 AM] Large Spike Wall Blueprint (BlueprintDataBlock)
[2/27/2015 10:12 AM] Large Wood Storage Blueprint (BlueprintDataBlock)
[2/27/2015 10:12 AM] Metal Door Blueprint (BlueprintDataBlock)
[2/27/2015 10:12 AM] Metal Window Bars Blueprint (BlueprintDataBlock)
[2/27/2015 10:12 AM] Repair Bench Blueprint (BlueprintDataBlock)
[2/27/2015 10:12 AM] Sleeping Bag Blueprint (BlueprintDataBlock)
[2/27/2015 10:12 AM] Small Stash Blueprint (BlueprintDataBlock)
[2/27/2015 10:12 AM] Spike Wall Blueprint (BlueprintDataBlock)
[2/27/2015 10:12 AM] Wood Barricade Blueprint (BlueprintDataBlock)
[2/27/2015 10:12 AM] Wood Gate Blueprint (BlueprintDataBlock)
[2/27/2015 10:12 AM] Wood Gateway Blueprint (BlueprintDataBlock)
[2/27/2015 10:12 AM] Wood Shelter Blueprint (BlueprintDataBlock)
[2/27/2015 10:12 AM] Wood Storage Box Blueprint (BlueprintDataBlock)
[2/27/2015 10:12 AM] Wooden Door Blueprint (BlueprintDataBlock)
[2/27/2015 10:12 AM] Workbench Blueprint (BlueprintDataBlock)
[2/27/2015 10:12 AM] Metal Ceiling BP (BlueprintDataBlock)
[2/27/2015 10:12 AM] Metal Doorway BP (BlueprintDataBlock)
[2/27/2015 10:12 AM] Metal Foundation BP (BlueprintDataBlock)
[2/27/2015 10:12 AM] Metal Pillar BP (BlueprintDataBlock)
[2/27/2015 10:12 AM] Metal Ramp BP (BlueprintDataBlock)
[2/27/2015 10:12 AM] Metal Stairs BP (BlueprintDataBlock)
[2/27/2015 10:12 AM] Metal Wall BP (BlueprintDataBlock)
[2/27/2015 10:12 AM] Metal Window BP (BlueprintDataBlock)
[2/27/2015 10:12 AM] Metal Ceiling (StructureComponentDataBlock)
[2/27/2015 10:12 AM] Metal Doorway (StructureComponentDataBlock)
[2/27/2015 10:12 AM] Metal Foundation (StructureComponentDataBlock)
[2/27/2015 10:12 AM] Metal Pillar (StructureComponentDataBlock)
[2/27/2015 10:12 AM] Metal Ramp (StructureComponentDataBlock)
[2/27/2015 10:12 AM] Metal Stairs (StructureComponentDataBlock)
[2/27/2015 10:12 AM] Metal Wall (StructureComponentDataBlock)
[2/27/2015 10:12 AM] Metal Window (StructureComponentDataBlock)
[2/27/2015 10:12 AM] Wood Ceiling BP (BlueprintDataBlock)
[2/27/2015 10:12 AM] Wood Doorway BP (BlueprintDataBlock)
[2/27/2015 10:12 AM] Wood Foundation BP (BlueprintDataBlock)
[2/27/2015 10:12 AM] Wood Pillar BP (BlueprintDataBlock)
[2/27/2015 10:12 AM] Wood Ramp BP (BlueprintDataBlock)
[2/27/2015 10:12 AM] Wood Stairs BP (BlueprintDataBlock)
[2/27/2015 10:12 AM] Wood Wall BP (BlueprintDataBlock)
[2/27/2015 10:12 AM] Wood Window BP (BlueprintDataBlock)
[2/27/2015 10:12 AM] Wood Ceiling (StructureComponentDataBlock)
[2/27/2015 10:12 AM] Wood Doorway (StructureComponentDataBlock)
[2/27/2015 10:12 AM] Wood Foundation (StructureComponentDataBlock)
[2/27/2015 10:12 AM] Wood Pillar (StructureComponentDataBlock)
[2/27/2015 10:12 AM] Wood Ramp (StructureComponentDataBlock)
[2/27/2015 10:12 AM] Wood Stairs (StructureComponentDataBlock)
[2/27/2015 10:12 AM] Wood Wall (StructureComponentDataBlock)
[2/27/2015 10:12 AM] Wood Window (StructureComponentDataBlock)
[2/27/2015 10:12 AM] Camp Fire (DeployableInventoryDataBlock)
[2/27/2015 10:12 AM] Explosive Charge (DeployableItemDataBlock)
[2/27/2015 10:12 AM] Furnace (DeployableItemDataBlock)
[2/27/2015 10:12 AM] Large Spike Wall (DeployableItemDataBlock)
[2/27/2015 10:12 AM] Large Wood Storage (DeployableItemDataBlock)
[2/27/2015 10:12 AM] Metal Door (DeployableItemDataBlock)
[2/27/2015 10:12 AM] Metal Window Bars (DeployableItemDataBlock)
[2/27/2015 10:12 AM] Repair Bench (DeployableItemDataBlock)
[2/27/2015 10:12 AM] Sleeping Bag (DeployableItemDataBlock)
[2/27/2015 10:12 AM] Small Stash (DeployableItemDataBlock)
[2/27/2015 10:12 AM] Spike Wall (DeployableItemDataBlock)
[2/27/2015 10:12 AM] Wood Barricade (DeployableItemDataBlock)
[2/27/2015 10:12 AM] Wood Gate (DeployableItemDataBlock)
[2/27/2015 10:12 AM] Wood Gateway (DeployableItemDataBlock)
[2/27/2015 10:12 AM] Wood Shelter (DeployableItemDataBlock)
[2/27/2015 10:12 AM] Wood Storage Box (DeployableItemDataBlock)
[2/27/2015 10:12 AM] Wooden Door (DeployableItemDataBlock)
[2/27/2015 10:12 AM] Workbench (DeployableItemDataBlock)
[2/27/2015 10:12 AM] Explosives (GunpowderDataBlock)
[2/27/2015 10:12 AM] Gunpowder (GunpowderDataBlock)
[2/27/2015 10:12 AM] Bandage (BasicHealthKitDataBlock)
[2/27/2015 10:12 AM] Bandage Blueprint (BlueprintDataBlock)
[2/27/2015 10:12 AM] Large Medkit Blueprint (BlueprintDataBlock)
[2/27/2015 10:12 AM] Small Medkit Blueprint (BlueprintDataBlock)
[2/27/2015 10:12 AM] Large Medkit (BasicHealthKitDataBlock)
[2/27/2015 10:12 AM] Small Medkit (BasicHealthKitDataBlock)
[2/27/2015 10:12 AM] Explosives Blueprint (BlueprintDataBlock)
[2/27/2015 10:12 AM] Flare (TorchItemDataBlock)
[2/27/2015 10:12 AM] Flare Blueprint (BlueprintDataBlock)
[2/27/2015 10:12 AM] Gunpowder Blueprint (BlueprintDataBlock)
[2/27/2015 10:12 AM] Paper Blueprint (BlueprintDataBlock)
[2/27/2015 10:12 AM] Torch (BasicTorchItemDataBlock)
[2/27/2015 10:12 AM] Torch Blueprint (BlueprintDataBlock)
[2/27/2015 10:12 AM] Animal Fat (ResourceTypeItemDataBlock)
[2/27/2015 10:12 AM] Blood (ResourceTypeItemDataBlock)
[2/27/2015 10:12 AM] Low Grade Fuel Blueprint (BlueprintDataBlock)
[2/27/2015 10:12 AM] Low Quality Metal Blueprint (BlueprintDataBlock)
[2/27/2015 10:12 AM] Wood Planks Blueprint (BlueprintDataBlock)
[2/27/2015 10:12 AM] Charcoal (ResourceTypeItemDataBlock)
[2/27/2015 10:12 AM] Cloth (ResourceTypeItemDataBlock)
[2/27/2015 10:12 AM] Leather (ResourceTypeItemDataBlock)
[2/27/2015 10:12 AM] Low Grade Fuel (ResourceTypeItemDataBlock)
[2/27/2015 10:12 AM] Low Quality Metal (ResourceTypeItemDataBlock)
[2/27/2015 10:12 AM] Metal Fragments (ResourceTypeItemDataBlock)
[2/27/2015 10:12 AM] Metal Ore (ResourceTypeItemDataBlock)
[2/27/2015 10:12 AM] Paper (ResourceTypeItemDataBlock)
[2/27/2015 10:12 AM] Stones (ResourceTypeItemDataBlock)
[2/27/2015 10:12 AM] Sulfur (ResourceTypeItemDataBlock)
[2/27/2015 10:12 AM] Sulfur Ore (ResourceTypeItemDataBlock)
[2/27/2015 10:12 AM] Wood (ResourceTypeItemDataBlock)
[2/27/2015 10:12 AM] Wood Planks (ResourceTypeItemDataBlock)
[2/27/2015 10:12 AM] Blood Draw Kit (BloodDrawDatablock)
[2/27/2015 10:12 AM] Blood Draw Kit Blueprint (BlueprintDataBlock)
[2/27/2015 10:12 AM] Handmade Lockpick Blueprint (BlueprintDataBlock)
[2/27/2015 10:12 AM] Research Kit Blueprint (BlueprintDataBlock)
[2/27/2015 10:12 AM] Handmade Lockpick (LockpickItemDataBlock)
[2/27/2015 10:12 AM] Recycle Kit 1 (RecycleToolDataBlock)
[2/27/2015 10:12 AM] Research Kit 1 (ResearchToolDataBlock)
[2/27/2015 10:12 AM] 9mm Pistol (BulletWeaponDataBlock)
[2/27/2015 10:12 AM] 9mm Pistol Blueprint (BlueprintDataBlock)
[2/27/2015 10:12 AM] F1 Grenade Blueprint (BlueprintDataBlock)
[2/27/2015 10:12 AM] Hatchet Blueprint (BlueprintDataBlock)
[2/27/2015 10:12 AM] Hunting Bow Blueprint (BlueprintDataBlock)
[2/27/2015 10:12 AM] M4 Blueprint (BlueprintDataBlock)
[2/27/2015 10:12 AM] MP5A4 Blueprint (BlueprintDataBlock)
[2/27/2015 10:12 AM] P250 Blueprint (BlueprintDataBlock)
[2/27/2015 10:12 AM] Pick Axe Blueprint (BlueprintDataBlock)
[2/27/2015 10:12 AM] Shotgun Blueprint (BlueprintDataBlock)
[2/27/2015 10:12 AM] Stone Hatchet Blueprint (BlueprintDataBlock)
[2/27/2015 10:12 AM] F1 Grenade (HandGrenadeDataBlock)
[2/27/2015 10:12 AM] Hatchet (MeleeWeaponDataBlock)
[2/27/2015 10:12 AM] Hunting Bow (BowWeaponDataBlock)
[2/27/2015 10:12 AM] M4 (BulletWeaponDataBlock)
[2/27/2015 10:12 AM] Flashlight Mod BP (BlueprintDataBlock)
[2/27/2015 10:12 AM] Holo sight BP (BlueprintDataBlock)
[2/27/2015 10:12 AM] Laser Sight BP (BlueprintDataBlock)
[2/27/2015 10:12 AM] Silencer BP (BlueprintDataBlock)
[2/27/2015 10:12 AM] Flashlight Mod (BaseWeaponModDataBlock)
[2/27/2015 10:12 AM] Holo sight (BaseWeaponModDataBlock)
[2/27/2015 10:12 AM] Laser Sight (BaseWeaponModDataBlock)
[2/27/2015 10:12 AM] Silencer (BaseWeaponModDataBlock)
[2/27/2015 10:12 AM] MP5A4 (BulletWeaponDataBlock)
[2/27/2015 10:12 AM] P250 (BulletWeaponDataBlock)
[2/27/2015 10:12 AM] Weapon Part 1 BP (BlueprintDataBlock)
[2/27/2015 10:12 AM] Weapon Part 2 BP (BlueprintDataBlock)
[2/27/2015 10:12 AM] Weapon Part 3 BP (BlueprintDataBlock)
[2/27/2015 10:12 AM] Weapon Part 4 BP (BlueprintDataBlock)
[2/27/2015 10:12 AM] Weapon Part 5 BP (BlueprintDataBlock)
[2/27/2015 10:12 AM] Weapon Part 6 BP (BlueprintDataBlock)
[2/27/2015 10:12 AM] Weapon Part 7 BP (BlueprintDataBlock)
[2/27/2015 10:12 AM] Weapon Part 1 (ItemDataBlock)
[2/27/2015 10:12 AM] Weapon Part 2 (ItemDataBlock)
[2/27/2015 10:12 AM] Weapon Part 3 (ItemDataBlock)
[2/27/2015 10:12 AM] Weapon Part 4 (ItemDataBlock)
[2/27/2015 10:12 AM] Weapon Part 5 (ItemDataBlock)
[2/27/2015 10:12 AM] Weapon Part 6 (ItemDataBlock)
[2/27/2015 10:12 AM] Weapon Part 7 (ItemDataBlock)
[2/27/2015 10:12 AM] Pick Axe (MeleeWeaponDataBlock)
[2/27/2015 10:12 AM] Rock (MeleeWeaponDataBlock)
[2/27/2015 10:12 AM] Shotgun (ShotgunDataBlock)
[2/27/2015 10:12 AM] Stone Hatchet (MeleeWeaponDataBlock)
[2/27/2015 10:12 AM] Supply Signal (HandGrenadeDataBlock)
[2/27/2015 10:12 AM] Uber Hatchet (MeleeWeaponDataBlock)
[2/27/2015 10:12 AM] Uber Hunting Bow (BowWeaponDataBlock)
[2/27/2015 10:12 AM] HandCannon (StrikeGunDataBlock)
[2/27/2015 10:12 AM] HandCannon Blueprint (BlueprintDataBlock)
[2/27/2015 10:12 AM] Pipe Shotgun (ShotgunDataBlock)
[2/27/2015 10:12 AM] Pipe Shotgun Blueprint (BlueprintDataBlock)
[2/27/2015 10:12 AM] Revolver (BulletWeaponDataBlock)
[2/27/2015 10:12 AM] Revolver Blueprint (BlueprintDataBlock)
